<?xml version="1.0" encoding="UTF-8"?>
<!-- Generated by org.testng.reporters.JUnitXMLReporter -->
<testsuite hostname="CLLQAPRIADT058" failures="0" tests="18" name="Product Master Functional Tests" time="0.069" errors="0" timestamp="24 Aug 2018 14:15:20 GMT">
  <testcase classname="Merchandising.ProductMaster" name="@BeforeSuite setUp_openBrowser" time="0.0">
    <failure type="org.openqa.selenium.WebDriverException" message="unknown error: Element &amp;lt;button type=&amp;quot;submit&amp;quot; ng-disabled=&amp;quot;!allowLogin&amp;quot; class=&amp;quot;btn btn-block btn-primary mt-sm&amp;quot;&amp;gt;...&amp;lt;/button&amp;gt; is not clickable at point (683, 286). Other element would receive the click: &amp;lt;div class=&amp;quot;block-ui-message ng-binding&amp;quot; ng-class=&amp;quot;$_blockUiMessageClass&amp;quot;&amp;gt;...&amp;lt;/div&amp;gt;
  (Session info: chrome=68.0.3440.106)
  (Driver info: chromedriver=2.41.578737 (49da6702b16031c40d63e5618de03a32ff6c197e),platform=Windows NT 10.0.10240 x86_64) (WARNING: The server did not provide any stacktrace information)
Command duration or timeout: 58 milliseconds
Build info: version: &amp;apos;2.53.1&amp;apos;, revision: &amp;apos;a36b8b1&amp;apos;, time: &amp;apos;2016-06-30 17:32:46&amp;apos;
System info: host: &amp;apos;CLLQAPRIADT058&amp;apos;, ip: &amp;apos;192.168.13.247&amp;apos;, os.name: &amp;apos;Windows 10&amp;apos;, os.arch: &amp;apos;amd64&amp;apos;, os.version: &amp;apos;10.0&amp;apos;, java.version: &amp;apos;10.0.2&amp;apos;
Driver info: org.openqa.selenium.chrome.ChromeDriver
Capabilities [{mobileEmulationEnabled=false, hasTouchScreen=false, platform=XP, acceptSslCerts=false, goog:chromeOptions={debuggerAddress=localhost:9522}, acceptInsecureCerts=false, webStorageEnabled=true, browserName=chrome, takesScreenshot=true, javascriptEnabled=true, setWindowRect=true, unexpectedAlertBehaviour=, applicationCacheEnabled=false, rotatable=false, networkConnectionEnabled=false, chrome={chromedriverVersion=2.41.578737 (49da6702b16031c40d63e5618de03a32ff6c197e), userDataDir=C:\Users\USER\AppData\Local\Temp\scoped_dir8824_23538}, takesHeapSnapshot=true, pageLoadStrategy=normal, databaseEnabled=false, handlesAlerts=true, version=68.0.3440.106, browserConnectionEnabled=false, nativeEvents=true, locationContextEnabled=true, cssSelectorsEnabled=true}]
Session ID: 5fe9082e3567975a76b73e6e0de98504">
      <![CDATA[org.openqa.selenium.WebDriverException: unknown error: Element <button type="submit" ng-disabled="!allowLogin" class="btn btn-block btn-primary mt-sm">...</button> is not clickable at point (683, 286). Other element would receive the click: <div class="block-ui-message ng-binding" ng-class="$_blockUiMessageClass">...</div>
  (Session info: chrome=68.0.3440.106)
  (Driver info: chromedriver=2.41.578737 (49da6702b16031c40d63e5618de03a32ff6c197e),platform=Windows NT 10.0.10240 x86_64) (WARNING: The server did not provide any stacktrace information)
Command duration or timeout: 58 milliseconds
Build info: version: '2.53.1', revision: 'a36b8b1', time: '2016-06-30 17:32:46'
System info: host: 'CLLQAPRIADT058', ip: '192.168.13.247', os.name: 'Windows 10', os.arch: 'amd64', os.version: '10.0', java.version: '10.0.2'
Driver info: org.openqa.selenium.chrome.ChromeDriver
Capabilities [{mobileEmulationEnabled=false, hasTouchScreen=false, platform=XP, acceptSslCerts=false, goog:chromeOptions={debuggerAddress=localhost:9522}, acceptInsecureCerts=false, webStorageEnabled=true, browserName=chrome, takesScreenshot=true, javascriptEnabled=true, setWindowRect=true, unexpectedAlertBehaviour=, applicationCacheEnabled=false, rotatable=false, networkConnectionEnabled=false, chrome={chromedriverVersion=2.41.578737 (49da6702b16031c40d63e5618de03a32ff6c197e), userDataDir=C:\Users\USER\AppData\Local\Temp\scoped_dir8824_23538}, takesHeapSnapshot=true, pageLoadStrategy=normal, databaseEnabled=false, handlesAlerts=true, version=68.0.3440.106, browserConnectionEnabled=false, nativeEvents=true, locationContextEnabled=true, cssSelectorsEnabled=true}]
Session ID: 5fe9082e3567975a76b73e6e0de98504
	at java.base/jdk.internal.reflect.NativeConstructorAccessorImpl.newInstance0(Native Method)
	at java.base/jdk.internal.reflect.NativeConstructorAccessorImpl.newInstance(Unknown Source)
	at java.base/jdk.internal.reflect.DelegatingConstructorAccessorImpl.newInstance(Unknown Source)
	at java.base/java.lang.reflect.Constructor.newInstance(Unknown Source)
	at org.openqa.selenium.remote.ErrorHandler.createThrowable(ErrorHandler.java:206)
	at org.openqa.selenium.remote.ErrorHandler.throwIfResponseFailed(ErrorHandler.java:158)
	at org.openqa.selenium.remote.RemoteWebDriver.execute(RemoteWebDriver.java:678)
	at org.openqa.selenium.remote.RemoteWebElement.execute(RemoteWebElement.java:327)
	at org.openqa.selenium.remote.RemoteWebElement.click(RemoteWebElement.java:85)
	at Merchandising.TestBase.setUp_openBrowser(TestBase.java:85)
	at java.base/jdk.internal.reflect.NativeMethodAccessorImpl.invoke0(Native Method)
	at java.base/jdk.internal.reflect.NativeMethodAccessorImpl.invoke(Unknown Source)
	at java.base/jdk.internal.reflect.DelegatingMethodAccessorImpl.invoke(Unknown Source)
	at java.base/java.lang.reflect.Method.invoke(Unknown Source)
	at org.testng.internal.MethodInvocationHelper.invokeMethod(MethodInvocationHelper.java:85)
	at org.testng.internal.Invoker.invokeConfigurationMethod(Invoker.java:510)
	at org.testng.internal.Invoker.invokeConfigurations(Invoker.java:211)
	at org.testng.internal.Invoker.invokeConfigurations(Invoker.java:138)
	at org.testng.SuiteRunner.privateRun(SuiteRunner.java:298)
	at org.testng.SuiteRunner.run(SuiteRunner.java:261)
	at org.testng.SuiteRunnerWorker.runSuite(SuiteRunnerWorker.java:52)
	at org.testng.SuiteRunnerWorker.run(SuiteRunnerWorker.java:86)
	at org.testng.TestNG.runSuitesSequentially(TestNG.java:1215)
	at org.testng.TestNG.runSuitesLocally(TestNG.java:1140)
	at org.testng.TestNG.run(TestNG.java:1048)
	at org.testng.remote.AbstractRemoteTestNG.run(AbstractRemoteTestNG.java:114)
	at org.testng.remote.RemoteTestNG.initAndRun(RemoteTestNG.java:251)
	at org.testng.remote.RemoteTestNG.main(RemoteTestNG.java:77)
]]>
    </failure>
  </testcase> <!-- @BeforeSuite setUp_openBrowser -->
  <testcase classname="Merchandising.ProductMaster" name="navigateTo_Merchandising" time="0.001">
    <skipped/>
  </testcase> <!-- navigateTo_Merchandising -->
  <testcase classname="Merchandising.ProductMaster" name="navigateTo_ProductMaster" time="0.001">
    <skipped/>
  </testcase> <!-- navigateTo_ProductMaster -->
  <testcase classname="Merchandising.ProductMaster_NEW" name="navigateTo_ProductMaster" time="0.001">
    <skipped/>
  </testcase> <!-- navigateTo_ProductMaster -->
  <testcase classname="Merchandising.ProductMaster_NEW" name="clickOn_NewButton" time="0.001">
    <skipped/>
  </testcase> <!-- clickOn_NewButton -->
  <testcase classname="Merchandising.ProductMaster_NEW" name="GetAvailable_productDetailsAccordions" time="0.001">
    <skipped/>
  </testcase> <!-- GetAvailable_productDetailsAccordions -->
  <testcase classname="Merchandising.ProductMaster_NEW" name="Verify_AccordionsOpen_OneAt_Atime" time="0.003">
    <skipped/>
  </testcase> <!-- Verify_AccordionsOpen_OneAt_Atime -->
  <testcase classname="Merchandising.ProductMaster_EditProduct" name="navigateTo_productMaster" time="0.003">
    <skipped/>
  </testcase> <!-- navigateTo_productMaster -->
  <testcase classname="Merchandising.ProductMaster_EditProduct" name="select_ProductToEdit" time="0.002">
    <skipped/>
  </testcase> <!-- select_ProductToEdit -->
  <testcase classname="Merchandising.ProductMaster_EditProduct" name="verify_EditProductSuccessful" time="0.002">
    <skipped/>
  </testcase> <!-- verify_EditProductSuccessful -->
  <testcase classname="Merchandising.ProductMaster_EditProduct" name="setEditDetails_thenSave" time="0.002">
    <skipped/>
  </testcase> <!-- setEditDetails_thenSave -->
  <testcase classname="Merchandising.ProductMaster_EditProduct" name="verify_EditDetailsSavedSuccessfully" time="0.003">
    <skipped/>
  </testcase> <!-- verify_EditDetailsSavedSuccessfully -->
  <testcase classname="Merchandising.ProductMaster_VIEW" name="navigateTo_ProductMaster" time="0.002">
    <skipped/>
  </testcase> <!-- navigateTo_ProductMaster -->
  <testcase classname="Merchandising.ProductMaster_VIEW" name="select_ProductToView" time="0.002">
    <skipped/>
  </testcase> <!-- select_ProductToView -->
  <testcase classname="Merchandising.ProductMaster_VIEW" name="verify_viewProductButtonWorks" time="0.001">
    <skipped/>
  </testcase> <!-- verify_viewProductButtonWorks -->
  <testcase classname="Merchandising.ProductMaster_VIEW" name="Verify_ListButtonWorks" time="0.0">
    <skipped/>
  </testcase> <!-- Verify_ListButtonWorks -->
  <testcase classname="Merchandising.ProductMaster_SEARCH" name="a_navigateTo_ProductMaster" time="0.001">
    <skipped/>
  </testcase> <!-- a_navigateTo_ProductMaster -->
  <testcase classname="Merchandising.ProductMaster_SEARCH" name="b_TestSearchBYcode" time="0.002">
    <skipped/>
  </testcase> <!-- b_TestSearchBYcode -->
  <testcase classname="Merchandising.ProductMaster_SEARCH" name="c_TestSearchBYdescription" time="0.001">
    <skipped/>
  </testcase> <!-- c_TestSearchBYdescription -->
</testsuite> <!-- Product Master Functional Tests -->
