<html>
<head>
<title>TestNG:  Product Master Functional Tests</title>
<link href="../testng.css" rel="stylesheet" type="text/css" />
<link href="../my-testng.css" rel="stylesheet" type="text/css" />

<style type="text/css">
.log { display: none;} 
.stack-trace { display: none;} 
</style>
<script type="text/javascript">
<!--
function flip(e) {
  current = e.style.display;
  if (current == 'block') {
    e.style.display = 'none';
    return 0;
  }
  else {
    e.style.display = 'block';
    return 1;
  }
}

function toggleBox(szDivId, elem, msg1, msg2)
{
  var res = -1;  if (document.getElementById) {
    res = flip(document.getElementById(szDivId));
  }
  else if (document.all) {
    // this is the way old msie versions work
    res = flip(document.all[szDivId]);
  }
  if(elem) {
    if(res == 0) elem.innerHTML = msg1; else elem.innerHTML = msg2;
  }

}

function toggleAllBoxes() {
  if (document.getElementsByTagName) {
    d = document.getElementsByTagName('div');
    for (i = 0; i < d.length; i++) {
      if (d[i].className == 'log') {
        flip(d[i]);
      }
    }
  }
}

// -->
</script>

</head>
<body>
<h2 align='center'>Product Master Functional Tests</h2><table border='1' align="center">
<tr>
<td>Tests passed/Failed/Skipped:</td><td>0/0/18</td>
</tr><tr>
<td>Started on:</td><td>Fri Aug 24 17:15:20 EAT 2018</td>
</tr>
<tr><td>Total time:</td><td>0 seconds (69 ms)</td>
</tr><tr>
<td>Included groups:</td><td></td>
</tr><tr>
<td>Excluded groups:</td><td></td>
</tr>
</table><p/>
<small><i>(Hover the method name to see the test class name)</i></small><p/>
<table width='100%' border='1' class='invocation-failed'>
<tr><td colspan='4' align='center'><b>FAILED CONFIGURATIONS</b></td></tr>
<tr><td><b>Test method</b></td>
<td width="30%"><b>Exception</b></td>
<td width="10%"><b>Time (seconds)</b></td>
<td><b>Instance</b></td>
</tr>
<tr>
<td title='Merchandising.ProductMaster.setUp_openBrowser()'><b>setUp_openBrowser</b><br>Test class: Merchandising.ProductMaster</td>
<td><div><pre>org.openqa.selenium.WebDriverException: unknown error: Element &lt;button type=&quot;submit&quot; ng-disabled=&quot;!allowLogin&quot; class=&quot;btn btn-block btn-primary mt-sm&quot;&gt;...&lt;/button&gt; is not clickable at point (683, 286). Other element would receive the click: &lt;div class=&quot;block-ui-message ng-binding&quot; ng-class=&quot;$_blockUiMessageClass&quot;&gt;...&lt;/div&gt;
  (Session info: chrome=68.0.3440.106)
  (Driver info: chromedriver=2.41.578737 (49da6702b16031c40d63e5618de03a32ff6c197e),platform=Windows NT 10.0.10240 x86_64) (WARNING: The server did not provide any stacktrace information)
Command duration or timeout: 58 milliseconds
Build info: version: &apos;2.53.1&apos;, revision: &apos;a36b8b1&apos;, time: &apos;2016-06-30 17:32:46&apos;
System info: host: &apos;CLLQAPRIADT058&apos;, ip: &apos;192.168.13.247&apos;, os.name: &apos;Windows 10&apos;, os.arch: &apos;amd64&apos;, os.version: &apos;10.0&apos;, java.version: &apos;10.0.2&apos;
Driver info: org.openqa.selenium.chrome.ChromeDriver
Capabilities [{mobileEmulationEnabled=false, hasTouchScreen=false, platform=XP, acceptSslCerts=false, goog:chromeOptions={debuggerAddress=localhost:9522}, acceptInsecureCerts=false, webStorageEnabled=true, browserName=chrome, takesScreenshot=true, javascriptEnabled=true, setWindowRect=true, unexpectedAlertBehaviour=, applicationCacheEnabled=false, rotatable=false, networkConnectionEnabled=false, chrome={chromedriverVersion=2.41.578737 (49da6702b16031c40d63e5618de03a32ff6c197e), userDataDir=C:\Users\USER\AppData\Local\Temp\scoped_dir8824_23538}, takesHeapSnapshot=true, pageLoadStrategy=normal, databaseEnabled=false, handlesAlerts=true, version=68.0.3440.106, browserConnectionEnabled=false, nativeEvents=true, locationContextEnabled=true, cssSelectorsEnabled=true}]
Session ID: 5fe9082e3567975a76b73e6e0de98504
	at java.base/jdk.internal.reflect.NativeConstructorAccessorImpl.newInstance0(Native Method)
	at java.base/jdk.internal.reflect.NativeConstructorAccessorImpl.newInstance(Unknown Source)
	at java.base/jdk.internal.reflect.DelegatingConstructorAccessorImpl.newInstance(Unknown Source)
	at java.base/java.lang.reflect.Constructor.newInstance(Unknown Source)
	at org.openqa.selenium.remote.ErrorHandler.createThrowable(ErrorHandler.java:206)
	at org.openqa.selenium.remote.ErrorHandler.throwIfResponseFailed(ErrorHandler.java:158)
	at org.openqa.selenium.remote.RemoteWebDriver.execute(RemoteWebDriver.java:678)
	at org.openqa.selenium.remote.RemoteWebElement.execute(RemoteWebElement.java:327)
	at org.openqa.selenium.remote.RemoteWebElement.click(RemoteWebElement.java:85)
	at Merchandising.TestBase.setUp_openBrowser(TestBase.java:85)
	at java.base/jdk.internal.reflect.NativeMethodAccessorImpl.invoke0(Native Method)
	at java.base/jdk.internal.reflect.NativeMethodAccessorImpl.invoke(Unknown Source)
	at java.base/jdk.internal.reflect.DelegatingMethodAccessorImpl.invoke(Unknown Source)
	at java.base/java.lang.reflect.Method.invoke(Unknown Source)
	at org.testng.internal.MethodInvocationHelper.invokeMethod(MethodInvocationHelper.java:85)
	at org.testng.internal.Invoker.invokeConfigurationMethod(Invoker.java:510)
	at org.testng.internal.Invoker.invokeConfigurations(Invoker.java:211)
	at org.testng.internal.Invoker.invokeConfigurations(Invoker.java:138)
	at org.testng.SuiteRunner.privateRun(SuiteRunner.java:298)
	at org.testng.SuiteRunner.run(SuiteRunner.java:261)
	at org.testng.SuiteRunnerWorker.runSuite(SuiteRunnerWorker.java:52)
	at org.testng.SuiteRunnerWorker.run(SuiteRunnerWorker.java:86)
	at org.testng.TestNG.runSuitesSequentially(TestNG.java:1215)
	at org.testng.TestNG.runSuitesLocally(TestNG.java:1140)
	at org.testng.TestNG.run(TestNG.java:1048)
	at org.testng.remote.AbstractRemoteTestNG.run(AbstractRemoteTestNG.java:114)
	at org.testng.remote.RemoteTestNG.initAndRun(RemoteTestNG.java:251)
	at org.testng.remote.RemoteTestNG.main(RemoteTestNG.java:77)
</pre></div><a href='#' onClick='toggleBox("stack-trace494894055", this, "Click to show all stack frames", "Click to hide stack frames")'>Click to show all stack frames</a>
<div class='stack-trace' id='stack-trace494894055'><pre>org.openqa.selenium.WebDriverException: unknown error: Element &lt;button type=&quot;submit&quot; ng-disabled=&quot;!allowLogin&quot; class=&quot;btn btn-block btn-primary mt-sm&quot;&gt;...&lt;/button&gt; is not clickable at point (683, 286). Other element would receive the click: &lt;div class=&quot;block-ui-message ng-binding&quot; ng-class=&quot;$_blockUiMessageClass&quot;&gt;...&lt;/div&gt;
  (Session info: chrome=68.0.3440.106)
  (Driver info: chromedriver=2.41.578737 (49da6702b16031c40d63e5618de03a32ff6c197e),platform=Windows NT 10.0.10240 x86_64) (WARNING: The server did not provide any stacktrace information)
Command duration or timeout: 58 milliseconds
Build info: version: &apos;2.53.1&apos;, revision: &apos;a36b8b1&apos;, time: &apos;2016-06-30 17:32:46&apos;
System info: host: &apos;CLLQAPRIADT058&apos;, ip: &apos;192.168.13.247&apos;, os.name: &apos;Windows 10&apos;, os.arch: &apos;amd64&apos;, os.version: &apos;10.0&apos;, java.version: &apos;10.0.2&apos;
Driver info: org.openqa.selenium.chrome.ChromeDriver
Capabilities [{mobileEmulationEnabled=false, hasTouchScreen=false, platform=XP, acceptSslCerts=false, goog:chromeOptions={debuggerAddress=localhost:9522}, acceptInsecureCerts=false, webStorageEnabled=true, browserName=chrome, takesScreenshot=true, javascriptEnabled=true, setWindowRect=true, unexpectedAlertBehaviour=, applicationCacheEnabled=false, rotatable=false, networkConnectionEnabled=false, chrome={chromedriverVersion=2.41.578737 (49da6702b16031c40d63e5618de03a32ff6c197e), userDataDir=C:\Users\USER\AppData\Local\Temp\scoped_dir8824_23538}, takesHeapSnapshot=true, pageLoadStrategy=normal, databaseEnabled=false, handlesAlerts=true, version=68.0.3440.106, browserConnectionEnabled=false, nativeEvents=true, locationContextEnabled=true, cssSelectorsEnabled=true}]
Session ID: 5fe9082e3567975a76b73e6e0de98504
	at java.base/jdk.internal.reflect.NativeConstructorAccessorImpl.newInstance0(Native Method)
	at java.base/jdk.internal.reflect.NativeConstructorAccessorImpl.newInstance(Unknown Source)
	at java.base/jdk.internal.reflect.DelegatingConstructorAccessorImpl.newInstance(Unknown Source)
	at java.base/java.lang.reflect.Constructor.newInstance(Unknown Source)
	at org.openqa.selenium.remote.ErrorHandler.createThrowable(ErrorHandler.java:206)
	at org.openqa.selenium.remote.ErrorHandler.throwIfResponseFailed(ErrorHandler.java:158)
	at org.openqa.selenium.remote.RemoteWebDriver.execute(RemoteWebDriver.java:678)
	at org.openqa.selenium.remote.RemoteWebElement.execute(RemoteWebElement.java:327)
	at org.openqa.selenium.remote.RemoteWebElement.click(RemoteWebElement.java:85)
	at Merchandising.TestBase.setUp_openBrowser(TestBase.java:85)
	at java.base/jdk.internal.reflect.NativeMethodAccessorImpl.invoke0(Native Method)
	at java.base/jdk.internal.reflect.NativeMethodAccessorImpl.invoke(Unknown Source)
	at java.base/jdk.internal.reflect.DelegatingMethodAccessorImpl.invoke(Unknown Source)
	at java.base/java.lang.reflect.Method.invoke(Unknown Source)
	at org.testng.internal.MethodInvocationHelper.invokeMethod(MethodInvocationHelper.java:85)
	at org.testng.internal.Invoker.invokeConfigurationMethod(Invoker.java:510)
	at org.testng.internal.Invoker.invokeConfigurations(Invoker.java:211)
	at org.testng.internal.Invoker.invokeConfigurations(Invoker.java:138)
	at org.testng.SuiteRunner.privateRun(SuiteRunner.java:298)
	at org.testng.SuiteRunner.run(SuiteRunner.java:261)
	at org.testng.SuiteRunnerWorker.runSuite(SuiteRunnerWorker.java:52)
	at org.testng.SuiteRunnerWorker.run(SuiteRunnerWorker.java:86)
	at org.testng.TestNG.runSuitesSequentially(TestNG.java:1215)
	at org.testng.TestNG.runSuitesLocally(TestNG.java:1140)
	at org.testng.TestNG.run(TestNG.java:1048)
	at org.testng.remote.AbstractRemoteTestNG.run(AbstractRemoteTestNG.java:114)
	at org.testng.remote.RemoteTestNG.initAndRun(RemoteTestNG.java:251)
	at org.testng.remote.RemoteTestNG.main(RemoteTestNG.java:77)
</pre></div></td>
<td>0</td>
<td>null</td></tr>
</table><p>
<table width='100%' border='1' class='invocation-skipped'>
<tr><td colspan='4' align='center'><b>SKIPPED TESTS</b></td></tr>
<tr><td><b>Test method</b></td>
<td width="30%"><b>Exception</b></td>
<td width="10%"><b>Time (seconds)</b></td>
<td><b>Instance</b></td>
</tr>
<tr>
<td title='Merchandising.ProductMaster_NEW.GetAvailable_productDetailsAccordions()'><b>GetAvailable_productDetailsAccordions</b><br>Test class: Merchandising.ProductMaster_NEW</td>
<td></td>
<td>0</td>
<td>Merchandising.ProductMaster_NEW@e4487af</td></tr>
<tr>
<td title='Merchandising.ProductMaster_NEW.Verify_AccordionsOpen_OneAt_Atime()'><b>Verify_AccordionsOpen_OneAt_Atime</b><br>Test class: Merchandising.ProductMaster_NEW</td>
<td></td>
<td>0</td>
<td>Merchandising.ProductMaster_NEW@e4487af</td></tr>
<tr>
<td title='Merchandising.ProductMaster_VIEW.Verify_ListButtonWorks()'><b>Verify_ListButtonWorks</b><br>Test class: Merchandising.ProductMaster_VIEW</td>
<td><div><pre>java.lang.Throwable: Method ProductMaster_VIEW.Verify_ListButtonWorks()[pri:0, instance:Merchandising.ProductMaster_VIEW@c86b9e3] depends on not successfully finished methods
	at org.testng.internal.Invoker.invokeTestMethods(Invoker.java:1033)
	at org.testng.internal.TestMethodWorker.invokeTestMethods(TestMethodWorker.java:125)
	at org.testng.internal.TestMethodWorker.run(TestMethodWorker.java:108)
	at org.testng.TestRunner.privateRun(TestRunner.java:774)
	at org.testng.TestRunner.run(TestRunner.java:624)
	at org.testng.SuiteRunner.runTest(SuiteRunner.java:359)
	at org.testng.SuiteRunner.runSequentially(SuiteRunner.java:354)
	at org.testng.SuiteRunner.privateRun(SuiteRunner.java:312)
	at org.testng.SuiteRunner.run(SuiteRunner.java:261)
	at org.testng.SuiteRunnerWorker.runSuite(SuiteRunnerWorker.java:52)
	at org.testng.SuiteRunnerWorker.run(SuiteRunnerWorker.java:86)
	at org.testng.TestNG.runSuitesSequentially(TestNG.java:1215)
	at org.testng.TestNG.runSuitesLocally(TestNG.java:1140)
	at org.testng.TestNG.run(TestNG.java:1048)
	at org.testng.remote.AbstractRemoteTestNG.run(AbstractRemoteTestNG.java:114)
	at org.testng.remote.RemoteTestNG.initAndRun(RemoteTestNG.java:251)
	at org.testng.remote.RemoteTestNG.main(RemoteTestNG.java:77)
</pre></div><a href='#' onClick='toggleBox("stack-trace181078353", this, "Click to show all stack frames", "Click to hide stack frames")'>Click to show all stack frames</a>
<div class='stack-trace' id='stack-trace181078353'><pre>java.lang.Throwable: Method ProductMaster_VIEW.Verify_ListButtonWorks()[pri:0, instance:Merchandising.ProductMaster_VIEW@c86b9e3] depends on not successfully finished methods
	at org.testng.internal.Invoker.invokeTestMethods(Invoker.java:1033)
	at org.testng.internal.TestMethodWorker.invokeTestMethods(TestMethodWorker.java:125)
	at org.testng.internal.TestMethodWorker.run(TestMethodWorker.java:108)
	at org.testng.TestRunner.privateRun(TestRunner.java:774)
	at org.testng.TestRunner.run(TestRunner.java:624)
	at org.testng.SuiteRunner.runTest(SuiteRunner.java:359)
	at org.testng.SuiteRunner.runSequentially(SuiteRunner.java:354)
	at org.testng.SuiteRunner.privateRun(SuiteRunner.java:312)
	at org.testng.SuiteRunner.run(SuiteRunner.java:261)
	at org.testng.SuiteRunnerWorker.runSuite(SuiteRunnerWorker.java:52)
	at org.testng.SuiteRunnerWorker.run(SuiteRunnerWorker.java:86)
	at org.testng.TestNG.runSuitesSequentially(TestNG.java:1215)
	at org.testng.TestNG.runSuitesLocally(TestNG.java:1140)
	at org.testng.TestNG.run(TestNG.java:1048)
	at org.testng.remote.AbstractRemoteTestNG.run(AbstractRemoteTestNG.java:114)
	at org.testng.remote.RemoteTestNG.initAndRun(RemoteTestNG.java:251)
	at org.testng.remote.RemoteTestNG.main(RemoteTestNG.java:77)
</pre></div></td>
<td>0</td>
<td>null</td></tr>
<tr>
<td title='Merchandising.ProductMaster_SEARCH.a_navigateTo_ProductMaster()'><b>a_navigateTo_ProductMaster</b><br>Test class: Merchandising.ProductMaster_SEARCH</td>
<td></td>
<td>0</td>
<td>Merchandising.ProductMaster_SEARCH@38102d01</td></tr>
<tr>
<td title='Merchandising.ProductMaster_SEARCH.b_TestSearchBYcode()'><b>b_TestSearchBYcode</b><br>Test class: Merchandising.ProductMaster_SEARCH</td>
<td></td>
<td>0</td>
<td>Merchandising.ProductMaster_SEARCH@38102d01</td></tr>
<tr>
<td title='Merchandising.ProductMaster_SEARCH.c_TestSearchBYdescription()'><b>c_TestSearchBYdescription</b><br>Test class: Merchandising.ProductMaster_SEARCH</td>
<td></td>
<td>0</td>
<td>Merchandising.ProductMaster_SEARCH@38102d01</td></tr>
<tr>
<td title='Merchandising.ProductMaster_NEW.clickOn_NewButton()'><b>clickOn_NewButton</b><br>Test class: Merchandising.ProductMaster_NEW</td>
<td></td>
<td>0</td>
<td>Merchandising.ProductMaster_NEW@e4487af</td></tr>
<tr>
<td title='Merchandising.ProductMaster.navigateTo_Merchandising()'><b>navigateTo_Merchandising</b><br>Test class: Merchandising.ProductMaster</td>
<td></td>
<td>0</td>
<td>Merchandising.ProductMaster@687e99d8</td></tr>
<tr>
<td title='Merchandising.ProductMaster.navigateTo_ProductMaster()'><b>navigateTo_ProductMaster</b><br>Test class: Merchandising.ProductMaster</td>
<td></td>
<td>0</td>
<td>Merchandising.ProductMaster@687e99d8</td></tr>
<tr>
<td title='Merchandising.ProductMaster_NEW.navigateTo_ProductMaster()'><b>navigateTo_ProductMaster</b><br>Test class: Merchandising.ProductMaster_NEW</td>
<td></td>
<td>0</td>
<td>Merchandising.ProductMaster_NEW@e4487af</td></tr>
<tr>
<td title='Merchandising.ProductMaster_VIEW.navigateTo_ProductMaster()'><b>navigateTo_ProductMaster</b><br>Test class: Merchandising.ProductMaster_VIEW</td>
<td></td>
<td>0</td>
<td>Merchandising.ProductMaster_VIEW@c86b9e3</td></tr>
<tr>
<td title='Merchandising.ProductMaster_EditProduct.navigateTo_productMaster()'><b>navigateTo_productMaster</b><br>Test class: Merchandising.ProductMaster_EditProduct</td>
<td></td>
<td>0</td>
<td>Merchandising.ProductMaster_EditProduct@6aaceffd</td></tr>
<tr>
<td title='Merchandising.ProductMaster_EditProduct.select_ProductToEdit()'><b>select_ProductToEdit</b><br>Test class: Merchandising.ProductMaster_EditProduct</td>
<td></td>
<td>0</td>
<td>Merchandising.ProductMaster_EditProduct@6aaceffd</td></tr>
<tr>
<td title='Merchandising.ProductMaster_VIEW.select_ProductToView()'><b>select_ProductToView</b><br>Test class: Merchandising.ProductMaster_VIEW</td>
<td></td>
<td>0</td>
<td>Merchandising.ProductMaster_VIEW@c86b9e3</td></tr>
<tr>
<td title='Merchandising.ProductMaster_EditProduct.setEditDetails_thenSave()'><b>setEditDetails_thenSave</b><br>Test class: Merchandising.ProductMaster_EditProduct</td>
<td></td>
<td>0</td>
<td>Merchandising.ProductMaster_EditProduct@6aaceffd</td></tr>
<tr>
<td title='Merchandising.ProductMaster_EditProduct.verify_EditDetailsSavedSuccessfully()'><b>verify_EditDetailsSavedSuccessfully</b><br>Test class: Merchandising.ProductMaster_EditProduct</td>
<td></td>
<td>0</td>
<td>Merchandising.ProductMaster_EditProduct@6aaceffd</td></tr>
<tr>
<td title='Merchandising.ProductMaster_EditProduct.verify_EditProductSuccessful()'><b>verify_EditProductSuccessful</b><br>Test class: Merchandising.ProductMaster_EditProduct</td>
<td></td>
<td>0</td>
<td>Merchandising.ProductMaster_EditProduct@6aaceffd</td></tr>
<tr>
<td title='Merchandising.ProductMaster_VIEW.verify_viewProductButtonWorks()'><b>verify_viewProductButtonWorks</b><br>Test class: Merchandising.ProductMaster_VIEW</td>
<td></td>
<td>0</td>
<td>Merchandising.ProductMaster_VIEW@c86b9e3</td></tr>
</table><p>
</body>
</html>